<?xml version="1.0" encoding="UTF-8"?>
<!-- Generated by org.testng.reporters.JUnitReportReporter -->
<testsuite skipped="0" hostname="LAPTOP-34TFF43U" name="package1.NewTest" tests="1" failures="0" timestamp="25 Jul 2017 16:01:44 GMT" time="9.753" errors="0">
  <testcase name="f" time="9.753" classname="package1.NewTest"/>
</testsuite> <!-- package1.NewTest -->
