<?xml version="1.0" encoding="UTF-8"?>
<!-- Generated by org.testng.reporters.JUnitReportReporter -->
<testsuite skipped="0" hostname="LAPTOP-34TFF43U" name="package1.NewTest" tests="1" failures="0" timestamp="24 Jul 2017 18:53:51 GMT" time="15.941" errors="0">
  <testcase name="f" time="15.941" classname="package1.NewTest"/>
</testsuite> <!-- package1.NewTest -->
